# JRE version: Java(TM) SE Runtime Environment (8.0_92-b14) (build 1.8.0_92-b14)
# Java VM: Java HotSpot(TM) 64-Bit Server VM (25.92-b14 mixed mode windows-amd64 compressed oops)
Heap:
 PSYoungGen      total 42496K, used 10599K [0x00000000f5580000, 0x00000000f8e80000, 0x0000000100000000)
  eden space 32768K, 2% used [0x00000000f5580000,0x00000000f565f948,0x00000000f7580000)
  from space 9728K, 99% used [0x00000000f7600000,0x00000000f7f7a670,0x00000000f7f80000)
  to   space 12800K, 0% used [0x00000000f8200000,0x00000000f8200000,0x00000000f8e80000)
 ParOldGen       total 44032K, used 12582K [0x00000000e0000000, 0x00000000e2b00000, 0x00000000f5580000)
  object space 44032K, 28% used [0x00000000e0000000,0x00000000e0c49848,0x00000000e2b00000)
 Metaspace       used 31147K, capacity 33238K, committed 33408K, reserved 1077248K
  class space    used 4308K, capacity 4700K, committed 4736K, reserved 1048576K
GC Heap History (10 events):
Event: 4.444 GC heap before
{Heap before GC invocations=6 (full 1):
 PSYoungGen      total 18944K, used 16384K [0x00000000f5580000, 0x00000000f6a80000, 0x0000000100000000)
  eden space 16384K, 100% used [0x00000000f5580000,0x00000000f6580000,0x00000000f6580000)
  from space 2560K, 0% used [0x00000000f6800000,0x00000000f6800000,0x00000000f6a80000)
  to   space 2560K, 0% used [0x00000000f6580000,0x00000000f6580000,0x00000000f6800000)
 ParOldGen       total 44032K, used 9534K [0x00000000e0000000, 0x00000000e2b00000, 0x00000000f5580000)
  object space 44032K, 21% used [0x00000000e0000000,0x00000000e094fb48,0x00000000e2b00000)
 Metaspace       used 22844K, capacity 23932K, committed 24192K, reserved 1071104K
  class space    used 3219K, capacity 3427K, committed 3456K, reserved 1048576K
Event: 4.445 GC heap after
Heap after GC invocations=6 (full 1):
 PSYoungGen      total 18944K, used 1647K [0x00000000f5580000, 0x00000000f7c00000, 0x0000000100000000)
  eden space 16384K, 0% used [0x00000000f5580000,0x00000000f5580000,0x00000000f6580000)
  from space 2560K, 64% used [0x00000000f6580000,0x00000000f671bd98,0x00000000f6800000)
  to   space 8192K, 0% used [0x00000000f7400000,0x00000000f7400000,0x00000000f7c00000)
 ParOldGen       total 44032K, used 9542K [0x00000000e0000000, 0x00000000e2b00000, 0x00000000f5580000)
  object space 44032K, 21% used [0x00000000e0000000,0x00000000e0951b48,0x00000000e2b00000)
 Metaspace       used 22844K, capacity 23932K, committed 24192K, reserved 1071104K
  class space    used 3219K, capacity 3427K, committed 3456K, reserved 1048576K
}
Event: 4.615 GC heap before
{Heap before GC invocations=7 (full 1):
 PSYoungGen      total 18944K, used 18031K [0x00000000f5580000, 0x00000000f7c00000, 0x0000000100000000)
  eden space 16384K, 100% used [0x00000000f5580000,0x00000000f6580000,0x00000000f6580000)
  from space 2560K, 64% used [0x00000000f6580000,0x00000000f671bd98,0x00000000f6800000)
  to   space 8192K, 0% used [0x00000000f7400000,0x00000000f7400000,0x00000000f7c00000)
 ParOldGen       total 44032K, used 9542K [0x00000000e0000000, 0x00000000e2b00000, 0x00000000f5580000)
  object space 44032K, 21% used [0x00000000e0000000,0x00000000e0951b48,0x00000000e2b00000)
 Metaspace       used 24397K, capacity 25478K, committed 25728K, reserved 1071104K
  class space    used 3430K, capacity 3658K, committed 3712K, reserved 1048576K
Event: 4.618 GC heap after
Heap after GC invocations=7 (full 1):
 PSYoungGen      total 31744K, used 3620K [0x00000000f5580000, 0x00000000f7d00000, 0x0000000100000000)
  eden space 23552K, 0% used [0x00000000f5580000,0x00000000f5580000,0x00000000f6c80000)
  from space 8192K, 44% used [0x00000000f7400000,0x00000000f77890a0,0x00000000f7c00000)
  to   space 7680K, 0% used [0x00000000f6c80000,0x00000000f6c80000,0x00000000f7400000)
 ParOldGen       total 44032K, used 9550K [0x00000000e0000000, 0x00000000e2b00000, 0x00000000f5580000)
  object space 44032K, 21% used [0x00000000e0000000,0x00000000e0953b48,0x00000000e2b00000)
 Metaspace       used 24397K, capacity 25478K, committed 25728K, reserved 1071104K
  class space    used 3430K, capacity 3658K, committed 3712K, reserved 1048576K
}
Event: 6.452 GC heap before
{Heap before GC invocations=8 (full 1):
 PSYoungGen      total 31744K, used 27172K [0x00000000f5580000, 0x00000000f7d00000, 0x0000000100000000)
  eden space 23552K, 100% used [0x00000000f5580000,0x00000000f6c80000,0x00000000f6c80000)
  from space 8192K, 44% used [0x00000000f7400000,0x00000000f77890a0,0x00000000f7c00000)
  to   space 7680K, 0% used [0x00000000f6c80000,0x00000000f6c80000,0x00000000f7400000)
 ParOldGen       total 44032K, used 9550K [0x00000000e0000000, 0x00000000e2b00000, 0x00000000f5580000)
  object space 44032K, 21% used [0x00000000e0000000,0x00000000e0953b48,0x00000000e2b00000)
 Metaspace       used 27288K, capacity 28768K, committed 28800K, reserved 1073152K
  class space    used 3896K, capacity 4199K, committed 4224K, reserved 1048576K
Event: 6.457 GC heap after
Heap after GC invocations=8 (full 1):
 PSYoungGen      total 31232K, used 6249K [0x00000000f5580000, 0x00000000f8880000, 0x0000000100000000)
  eden space 23552K, 0% used [0x00000000f5580000,0x00000000f5580000,0x00000000f6c80000)
  from space 7680K, 81% used [0x00000000f6c80000,0x00000000f729a680,0x00000000f7400000)
  to   space 8704K, 0% used [0x00000000f8000000,0x00000000f8000000,0x00000000f8880000)
 ParOldGen       total 44032K, used 9558K [0x00000000e0000000, 0x00000000e2b00000, 0x00000000f5580000)
  object space 44032K, 21% used [0x00000000e0000000,0x00000000e0955b48,0x00000000e2b00000)
 Metaspace       used 27288K, capacity 28768K, committed 28800K, reserved 1073152K
  class space    used 3896K, capacity 4199K, committed 4224K, reserved 1048576K
}
Event: 15.360 GC heap before
{Heap before GC invocations=9 (full 1):
 PSYoungGen      total 31232K, used 29801K [0x00000000f5580000, 0x00000000f8880000, 0x0000000100000000)
  eden space 23552K, 100% used [0x00000000f5580000,0x00000000f6c80000,0x00000000f6c80000)
  from space 7680K, 81% used [0x00000000f6c80000,0x00000000f729a680,0x00000000f7400000)
  to   space 8704K, 0% used [0x00000000f8000000,0x00000000f8000000,0x00000000f8880000)
 ParOldGen       total 44032K, used 9558K [0x00000000e0000000, 0x00000000e2b00000, 0x00000000f5580000)
  object space 44032K, 21% used [0x00000000e0000000,0x00000000e0955b48,0x00000000e2b00000)
 Metaspace       used 28977K, capacity 30662K, committed 30720K, reserved 1075200K
  class space    used 4050K, capacity 4352K, committed 4352K, reserved 1048576K
Event: 15.368 GC heap after
Heap after GC invocations=9 (full 1):
 PSYoungGen      total 41984K, used 8697K [0x00000000f5580000, 0x00000000f8900000, 0x0000000100000000)
  eden space 33280K, 0% used [0x00000000f5580000,0x00000000f5580000,0x00000000f7600000)
  from space 8704K, 99% used [0x00000000f8000000,0x00000000f887e690,0x00000000f8880000)
  to   space 9728K, 0% used [0x00000000f7600000,0x00000000f7600000,0x00000000f7f80000)
 ParOldGen       total 44032K, used 9597K [0x00000000e0000000, 0x00000000e2b00000, 0x00000000f5580000)
  object space 44032K, 21% used [0x00000000e0000000,0x00000000e095f488,0x00000000e2b00000)
 Metaspace       used 28977K, capacity 30662K, committed 30720K, reserved 1075200K
  class space    used 4050K, capacity 4352K, committed 4352K, reserved 1048576K
}
Event: 748.807 GC heap before
{Heap before GC invocations=10 (full 1):
 PSYoungGen      total 41984K, used 41977K [0x00000000f5580000, 0x00000000f8900000, 0x0000000100000000)
  eden space 33280K, 100% used [0x00000000f5580000,0x00000000f7600000,0x00000000f7600000)
  from space 8704K, 99% used [0x00000000f8000000,0x00000000f887e690,0x00000000f8880000)
  to   space 9728K, 0% used [0x00000000f7600000,0x00000000f7600000,0x00000000f7f80000)
 ParOldGen       total 44032K, used 9597K [0x00000000e0000000, 0x00000000e2b00000, 0x00000000f5580000)
  object space 44032K, 21% used [0x00000000e0000000,0x00000000e095f488,0x00000000e2b00000)
 Metaspace       used 30918K, capacity 33046K, committed 33152K, reserved 1077248K
  class space    used 4306K, capacity 4700K, committed 4736K, reserved 1048576K
Event: 748.817 GC heap after
Heap after GC invocations=10 (full 1):
 PSYoungGen      total 42496K, used 9705K [0x00000000f5580000, 0x00000000f8e80000, 0x0000000100000000)
  eden space 32768K, 0% used [0x00000000f5580000,0x00000000f5580000,0x00000000f7580000)
  from space 9728K, 99% used [0x00000000f7600000,0x00000000f7f7a670,0x00000000f7f80000)
  to   space 12800K, 0% used [0x00000000f8200000,0x00000000f8200000,0x00000000f8e80000)
 ParOldGen       total 44032K, used 12582K [0x00000000e0000000, 0x00000000e2b00000, 0x00000000f5580000)
  object space 44032K, 28% used [0x00000000e0000000,0x00000000e0c49848,0x00000000e2b00000)
 Metaspace       used 30918K, capacity 33046K, committed 33152K, reserved 1077248K
  class space    used 4306K, capacity 4700K, committed 4736K, reserved 1048576K
}

