# JRE version: Java(TM) SE Runtime Environment (8.0_92-b14) (build 1.8.0_92-b14)
# Java VM: Java HotSpot(TM) 64-Bit Server VM (25.92-b14 mixed mode windows-amd64 compressed oops)
Heap:
 PSYoungGen      total 44544K, used 16971K [0x00000000f5580000, 0x00000000f8c80000, 0x0000000100000000)
  eden space 35840K, 23% used [0x00000000f5580000,0x00000000f5d94688,0x00000000f7880000)
  from space 8704K, 99% used [0x00000000f8280000,0x00000000f8afe690,0x00000000f8b00000)
  to   space 10240K, 0% used [0x00000000f7880000,0x00000000f7880000,0x00000000f8280000)
 ParOldGen       total 44032K, used 9862K [0x00000000e0000000, 0x00000000e2b00000, 0x00000000f5580000)
  object space 44032K, 22% used [0x00000000e0000000,0x00000000e09a1a18,0x00000000e2b00000)
 Metaspace       used 29730K, capacity 31514K, committed 31744K, reserved 1077248K
  class space    used 4122K, capacity 4490K, committed 4608K, reserved 1048576K
GC Heap History (10 events):
Event: 3.433 GC heap before
{Heap before GC invocations=5 (full 1):
 PSYoungGen      total 18944K, used 2528K [0x00000000f5580000, 0x00000000f6a80000, 0x0000000100000000)
  eden space 16384K, 0% used [0x00000000f5580000,0x00000000f5580000,0x00000000f6580000)
  from space 2560K, 98% used [0x00000000f6800000,0x00000000f6a78030,0x00000000f6a80000)
  to   space 2560K, 0% used [0x00000000f6580000,0x00000000f6580000,0x00000000f6800000)
 ParOldGen       total 44032K, used 8549K [0x00000000e0000000, 0x00000000e2b00000, 0x00000000f5580000)
  object space 44032K, 19% used [0x00000000e0000000,0x00000000e08595f0,0x00000000e2b00000)
 Metaspace       used 20285K, capacity 21148K, committed 21248K, reserved 1067008K
  class space    used 2819K, capacity 3027K, committed 3072K, reserved 1048576K
Event: 3.458 GC heap after
Heap after GC invocations=5 (full 1):
 PSYoungGen      total 18944K, used 0K [0x00000000f5580000, 0x00000000f6a80000, 0x0000000100000000)
  eden space 16384K, 0% used [0x00000000f5580000,0x00000000f5580000,0x00000000f6580000)
  from space 2560K, 0% used [0x00000000f6800000,0x00000000f6800000,0x00000000f6a80000)
  to   space 2560K, 0% used [0x00000000f6580000,0x00000000f6580000,0x00000000f6800000)
 ParOldGen       total 44032K, used 9524K [0x00000000e0000000, 0x00000000e2b00000, 0x00000000f5580000)
  object space 44032K, 21% used [0x00000000e0000000,0x00000000e094d0c8,0x00000000e2b00000)
 Metaspace       used 20285K, capacity 21148K, committed 21248K, reserved 1067008K
  class space    used 2819K, capacity 3027K, committed 3072K, reserved 1048576K
}
Event: 5.635 GC heap before
{Heap before GC invocations=6 (full 1):
 PSYoungGen      total 18944K, used 16384K [0x00000000f5580000, 0x00000000f6a80000, 0x0000000100000000)
  eden space 16384K, 100% used [0x00000000f5580000,0x00000000f6580000,0x00000000f6580000)
  from space 2560K, 0% used [0x00000000f6800000,0x00000000f6800000,0x00000000f6a80000)
  to   space 2560K, 0% used [0x00000000f6580000,0x00000000f6580000,0x00000000f6800000)
 ParOldGen       total 44032K, used 9524K [0x00000000e0000000, 0x00000000e2b00000, 0x00000000f5580000)
  object space 44032K, 21% used [0x00000000e0000000,0x00000000e094d0c8,0x00000000e2b00000)
 Metaspace       used 22824K, capacity 23840K, committed 23936K, reserved 1069056K
  class space    used 3213K, capacity 3417K, committed 3456K, reserved 1048576K
Event: 5.637 GC heap after
Heap after GC invocations=6 (full 1):
 PSYoungGen      total 18944K, used 1660K [0x00000000f5580000, 0x00000000f7d00000, 0x0000000100000000)
  eden space 16384K, 0% used [0x00000000f5580000,0x00000000f5580000,0x00000000f6580000)
  from space 2560K, 64% used [0x00000000f6580000,0x00000000f671f0b0,0x00000000f6800000)
  to   space 8192K, 0% used [0x00000000f7500000,0x00000000f7500000,0x00000000f7d00000)
 ParOldGen       total 44032K, used 9532K [0x00000000e0000000, 0x00000000e2b00000, 0x00000000f5580000)
  object space 44032K, 21% used [0x00000000e0000000,0x00000000e094f0c8,0x00000000e2b00000)
 Metaspace       used 22824K, capacity 23840K, committed 23936K, reserved 1069056K
  class space    used 3213K, capacity 3417K, committed 3456K, reserved 1048576K
}
Event: 5.800 GC heap before
{Heap before GC invocations=7 (full 1):
 PSYoungGen      total 18944K, used 18044K [0x00000000f5580000, 0x00000000f7d00000, 0x0000000100000000)
  eden space 16384K, 100% used [0x00000000f5580000,0x00000000f6580000,0x00000000f6580000)
  from space 2560K, 64% used [0x00000000f6580000,0x00000000f671f0b0,0x00000000f6800000)
  to   space 8192K, 0% used [0x00000000f7500000,0x00000000f7500000,0x00000000f7d00000)
 ParOldGen       total 44032K, used 9532K [0x00000000e0000000, 0x00000000e2b00000, 0x00000000f5580000)
  object space 44032K, 21% used [0x00000000e0000000,0x00000000e094f0c8,0x00000000e2b00000)
 Metaspace       used 24351K, capacity 25386K, committed 25728K, reserved 1071104K
  class space    used 3424K, capacity 3648K, committed 3712K, reserved 1048576K
Event: 5.803 GC heap after
Heap after GC invocations=7 (full 1):
 PSYoungGen      total 32768K, used 3569K [0x00000000f5580000, 0x00000000f7d80000, 0x0000000100000000)
  eden space 24576K, 0% used [0x00000000f5580000,0x00000000f5580000,0x00000000f6d80000)
  from space 8192K, 43% used [0x00000000f7500000,0x00000000f787c468,0x00000000f7d00000)
  to   space 7680K, 0% used [0x00000000f6d80000,0x00000000f6d80000,0x00000000f7500000)
 ParOldGen       total 44032K, used 9540K [0x00000000e0000000, 0x00000000e2b00000, 0x00000000f5580000)
  object space 44032K, 21% used [0x00000000e0000000,0x00000000e09510c8,0x00000000e2b00000)
 Metaspace       used 24351K, capacity 25386K, committed 25728K, reserved 1071104K
  class space    used 3424K, capacity 3648K, committed 3712K, reserved 1048576K
}
Event: 7.445 GC heap before
{Heap before GC invocations=8 (full 1):
 PSYoungGen      total 32768K, used 28145K [0x00000000f5580000, 0x00000000f7d80000, 0x0000000100000000)
  eden space 24576K, 100% used [0x00000000f5580000,0x00000000f6d80000,0x00000000f6d80000)
  from space 8192K, 43% used [0x00000000f7500000,0x00000000f787c468,0x00000000f7d00000)
  to   space 7680K, 0% used [0x00000000f6d80000,0x00000000f6d80000,0x00000000f7500000)
 ParOldGen       total 44032K, used 9540K [0x00000000e0000000, 0x00000000e2b00000, 0x00000000f5580000)
  object space 44032K, 21% used [0x00000000e0000000,0x00000000e09510c8,0x00000000e2b00000)
 Metaspace       used 27322K, capacity 28804K, committed 29056K, reserved 1075200K
  class space    used 3891K, capacity 4189K, committed 4224K, reserved 1048576K
Event: 7.450 GC heap after
Heap after GC invocations=8 (full 1):
 PSYoungGen      total 32256K, used 6521K [0x00000000f5580000, 0x00000000f8b00000, 0x0000000100000000)
  eden space 24576K, 0% used [0x00000000f5580000,0x00000000f5580000,0x00000000f6d80000)
  from space 7680K, 84% used [0x00000000f6d80000,0x00000000f73de690,0x00000000f7500000)
  to   space 8704K, 0% used [0x00000000f8280000,0x00000000f8280000,0x00000000f8b00000)
 ParOldGen       total 44032K, used 9548K [0x00000000e0000000, 0x00000000e2b00000, 0x00000000f5580000)
  object space 44032K, 21% used [0x00000000e0000000,0x00000000e09530c8,0x00000000e2b00000)
 Metaspace       used 27322K, capacity 28804K, committed 29056K, reserved 1075200K
  class space    used 3891K, capacity 4189K, committed 4224K, reserved 1048576K
}
Event: 10.717 GC heap before
{Heap before GC invocations=9 (full 1):
 PSYoungGen      total 32256K, used 31097K [0x00000000f5580000, 0x00000000f8b00000, 0x0000000100000000)
  eden space 24576K, 100% used [0x00000000f5580000,0x00000000f6d80000,0x00000000f6d80000)
  from space 7680K, 84% used [0x00000000f6d80000,0x00000000f73de690,0x00000000f7500000)
  to   space 8704K, 0% used [0x00000000f8280000,0x00000000f8280000,0x00000000f8b00000)
 ParOldGen       total 44032K, used 9548K [0x00000000e0000000, 0x00000000e2b00000, 0x00000000f5580000)
  object space 44032K, 21% used [0x00000000e0000000,0x00000000e09530c8,0x00000000e2b00000)
 Metaspace       used 29144K, capacity 30946K, committed 31104K, reserved 1075200K
  class space    used 4099K, capacity 4452K, committed 4480K, reserved 1048576K
Event: 10.724 GC heap after
Heap after GC invocations=9 (full 1):
 PSYoungGen      total 44544K, used 8697K [0x00000000f5580000, 0x00000000f8c80000, 0x0000000100000000)
  eden space 35840K, 0% used [0x00000000f5580000,0x00000000f5580000,0x00000000f7880000)
  from space 8704K, 99% used [0x00000000f8280000,0x00000000f8afe690,0x00000000f8b00000)
  to   space 10240K, 0% used [0x00000000f7880000,0x00000000f7880000,0x00000000f8280000)
 ParOldGen       total 44032K, used 9862K [0x00000000e0000000, 0x00000000e2b00000, 0x00000000f5580000)
  object space 44032K, 22% used [0x00000000e0000000,0x00000000e09a1a18,0x00000000e2b00000)
 Metaspace       used 29144K, capacity 30946K, committed 31104K, reserved 1075200K
  class space    used 4099K, capacity 4452K, committed 4480K, reserved 1048576K
}

